<!DOCTYPE html PUBLIC "-//W3C//DTD XHTML 1.1//EN" "http://www.w3.org/TR/xhtml11/DTD/xhtml11.dtd">
<html xmlns="http://www.w3.org/1999/xhtml"><head><title>TestNG Report</title><style type="text/css">table {margin-bottom:10px;border-collapse:collapse;empty-cells:show}th,td {border:1px solid #009;padding:.25em .5em}th {vertical-align:bottom}td {vertical-align:top}table a {font-weight:bold}.stripe td {background-color: #E6EBF9}.num {text-align:right}.passedodd td {background-color: #3F3}.passedeven td {background-color: #0A0}.skippedodd td {background-color: #DDD}.skippedeven td {background-color: #CCC}.failedodd td,.attn {background-color: #F33}.failedeven td,.stripe .attn {background-color: #D00}.stacktrace {white-space:pre;font-family:monospace}.totop {font-size:85%;text-align:center;border-bottom:2px solid #000}</style></head><body><table><tr><th>Test</th><th># Passed</th><th># Skipped</th><th># Failed</th><th>Time (ms)</th><th>Included Groups</th><th>Excluded Groups</th></tr><tr><th colspan="7">Suite</th></tr><tr><td><a href="#t0">SearchHotel_Firefox</a></td><td class="num">0</td><td class="num">0</td><td class="num attn">1</td><td class="num">88 990</td><td></td><td></td></tr><tr class="stripe"><td><a href="#t1">SearchHotel_Chrome</a></td><td class="num">0</td><td class="num">0</td><td class="num attn">1</td><td class="num">11 409</td><td></td><td></td></tr><tr><th>Total</th><th class="num">0</th><th class="num">0</th><th class="num attn">2</th><th class="num">100 399</th><th colspan="2"></th></tr></table><table><thead><tr><th>Class</th><th>Method</th><th>Start</th><th>Time (ms)</th></tr></thead><tbody><tr><th colspan="4">Suite</th></tr></tbody><tbody id="t0"><tr><th colspan="4">SearchHotel_Firefox &#8212; failed</th></tr><tr class="failedeven"><td rowspan="1">com.sts.web.TestRunner.TestRunner</td><td><a href="#m0">searchHotelTest</a></td><td rowspan="1">1708610973159</td><td rowspan="1">78149</td></tr></tbody><tbody id="t1"><tr><th colspan="4">SearchHotel_Chrome &#8212; failed</th></tr><tr class="failedeven"><td rowspan="1">com.sts.web.TestRunner.TestRunner</td><td><a href="#m1">searchHotelTest</a></td><td rowspan="1">1708611063659</td><td rowspan="1">1551</td></tr></tbody></table><h2>SearchHotel_Firefox</h2><h3 id="m0">com.sts.web.TestRunner.TestRunner#searchHotelTest</h3><table class="result"><tr><th>Exception</th></tr><tr><td><div class="stacktrace">org.openqa.selenium.NoSuchWindowException: Browsing context has been discarded
Build info: version: &apos;3.141.59&apos;, revision: &apos;e82be7d358&apos;, time: &apos;2018-11-14T08:17:03&apos;
System info: host: &apos;Tokyos-Air&apos;, ip: &apos;fe80:0:0:0:10d0:e3c:e8d3:f3b8%en0&apos;, os.name: &apos;Mac OS X&apos;, os.arch: &apos;x86_64&apos;, os.version: &apos;11.4&apos;, java.version: &apos;16.0.2&apos;
Driver info: org.openqa.selenium.remote.RemoteWebDriver
Capabilities {acceptInsecureCerts: true, browserName: firefox, browserVersion: 122.0.1, javascriptEnabled: true, moz:accessibilityChecks: false, moz:buildID: 20240205133611, moz:geckodriverVersion: 0.34.0, moz:headless: false, moz:platformVersion: 21.5.0, moz:processID: 72125, moz:profile: /var/folders/10/nx41rvp50wq..., moz:shutdownTimeout: 60000, moz:webdriverClick: true, moz:windowless: false, pageLoadStrategy: normal, platform: MAC, platformName: MAC, proxy: Proxy(), se:bidiEnabled: false, se:cdp: ws://192.168.1.104:4444/ses..., setWindowRect: true, strictFileInteractability: false, timeouts: {implicit: 0, pageLoad: 300000, script: 30000}, unhandledPromptBehavior: dismiss and notify}
Session ID: b20d80eb-b00c-40d8-bd2b-9a52f2381fa1
*** Element info: {Using=xpath, value=//*[@name=&apos;email&apos;]}
	at org.openqa.selenium.remote.http.W3CHttpResponseCodec.createException(W3CHttpResponseCodec.java:187)
	at org.openqa.selenium.remote.http.W3CHttpResponseCodec.decode(W3CHttpResponseCodec.java:122)
	at org.openqa.selenium.remote.http.W3CHttpResponseCodec.decode(W3CHttpResponseCodec.java:49)
	at org.openqa.selenium.remote.HttpCommandExecutor.execute(HttpCommandExecutor.java:158)
	at org.openqa.selenium.remote.RemoteWebDriver.execute(RemoteWebDriver.java:552)
	at org.openqa.selenium.remote.RemoteWebDriver.findElement(RemoteWebDriver.java:323)
	at org.openqa.selenium.remote.RemoteWebDriver.findElementByXPath(RemoteWebDriver.java:428)
	at org.openqa.selenium.By$ByXPath.findElement(By.java:353)
	at org.openqa.selenium.remote.RemoteWebDriver.findElement(RemoteWebDriver.java:315)
	at WebApp.XPathHelper.getElementByXPath(XPathHelper.java:109)
	at WebApp.XPathHelper.getElementByname(XPathHelper.java:74)
	at com.sts.web.PageElements.LoginPageElements.getUserNameElement(LoginPageElements.java:22)
	at com.sts.web.StepDefinition.LoginSteps.loginToDocusign(LoginSteps.java:16)
	at com.sts.web.TestRunner.TestRunner.searchHotelTest(TestRunner.java:46)
... Removed 29 stack frames</div></td></tr></table><p class="totop"><a href="#summary">back to summary</a></p><h2>SearchHotel_Chrome</h2><h3 id="m1">com.sts.web.TestRunner.TestRunner#searchHotelTest</h3><table class="result"><tr><th>Exception</th></tr><tr><td><div class="stacktrace">org.openqa.selenium.NoSuchElementException: Cannot locate an element using xpath=//*[@name=&apos;email&apos;]
For documentation on this error, please visit: https://www.seleniumhq.org/exceptions/no_such_element.html
Build info: version: &apos;3.141.59&apos;, revision: &apos;e82be7d358&apos;, time: &apos;2018-11-14T08:17:03&apos;
System info: host: &apos;Tokyos-Air&apos;, ip: &apos;fe80:0:0:0:10d0:e3c:e8d3:f3b8%en0&apos;, os.name: &apos;Mac OS X&apos;, os.arch: &apos;x86_64&apos;, os.version: &apos;11.4&apos;, java.version: &apos;16.0.2&apos;
Driver info: driver.version: RemoteWebDriver
	at org.openqa.selenium.remote.RemoteWebDriver.findElement(RemoteWebDriver.java:327)
	at org.openqa.selenium.remote.RemoteWebDriver.findElementByXPath(RemoteWebDriver.java:428)
	at org.openqa.selenium.By$ByXPath.findElement(By.java:353)
	at org.openqa.selenium.remote.RemoteWebDriver.findElement(RemoteWebDriver.java:315)
	at WebApp.XPathHelper.getElementByXPath(XPathHelper.java:109)
	at WebApp.XPathHelper.getElementByname(XPathHelper.java:74)
	at com.sts.web.PageElements.LoginPageElements.getUserNameElement(LoginPageElements.java:22)
	at com.sts.web.StepDefinition.LoginSteps.loginToDocusign(LoginSteps.java:16)
	at com.sts.web.TestRunner.TestRunner.searchHotelTest(TestRunner.java:46)
... Removed 24 stack frames</div></td></tr></table><p class="totop"><a href="#summary">back to summary</a></p></body></html>